#
# There is insufficient memory for the Java Runtime Environment to continue.
# Native memory allocation (malloc) failed to allocate 732576 bytes for Chunk::new
# Possible reasons:
#   The system is out of physical RAM or swap space
#   The process is running with CompressedOops enabled, and the Java Heap may be blocking the growth of the native heap
# Possible solutions:
#   Reduce memory load on the system
#   Increase physical memory or swap space
#   Check if swap backing store is full
#   Decrease Java heap size (-Xmx/-Xms)
#   Decrease number of Java threads
#   Decrease Java thread stack sizes (-Xss)
#   Set larger code cache with -XX:ReservedCodeCacheSize=
#   JVM is running with Unscaled Compressed Oops mode in which the Java heap is
#     placed in the first 4GB address space. The Java Heap base address is the
#     maximum limit for the native heap growth. Please use -XX:HeapBaseMinAddress
#     to set the Java Heap base and to place the Java Heap above 4GB virtual address.
# This output file may be truncated or incomplete.
#
#  Out of Memory Error (t:/workspace/open/src/hotspot/share/memory/arena.cpp:197), pid=5600, tid=6352
#
# JRE version: Java(TM) SE Runtime Environment (12.0.1+12) (build 12.0.1+12)
# Java VM: Java HotSpot(TM) 64-Bit Server VM (12.0.1+12, mixed mode, sharing, tiered, compressed oops, g1 gc, windows-amd64)
# No core dump will be written. Minidumps are not enabled by default on client versions of Windows
#

---------------  S U M M A R Y ------------

Command Line: -javaagent:C:\Program Files\JetBrains\IntelliJ IDEA Community Edition 2019.1.3\lib\idea_rt.jar=56577:C:\Program Files\JetBrains\IntelliJ IDEA Community Edition 2019.1.3\bin -Dfile.encoding=UTF-8 hillel.doctorRest.DoctorRestApplication

Host: Intel(R) Core(TM) i3-2328M CPU @ 2.20GHz, 4 cores, 7G,  Windows 10 , 64 bit Build 17763 (10.0.17763.475)
Time: Thu Jul 18 21:21:03 2019 Oeieyiaey (eaoi) elapsed time: 3 seconds (0d 0h 0m 3s)

---------------  T H R E A D  ---------------

Current thread (0x00000238e9206800):  JavaThread "C2 CompilerThread1" daemon [_thread_in_native, id=6352, stack(0x000000b83fa00000,0x000000b83fb00000)]


Current CompileTask:
C2:   3972 1906   !   4       jdk.internal.loader.BuiltinClassLoader::loadClassOrNull (143 bytes)

Stack: [0x000000b83fa00000,0x000000b83fb00000]
Native frames: (J=compiled Java code, j=interpreted, Vv=VM code, C=native code)
V  [jvm.dll+0x63948a]
V  [jvm.dll+0x78b31f]
V  [jvm.dll+0x78c9c1]
V  [jvm.dll+0x78d013]
V  [jvm.dll+0x262138]
V  [jvm.dll+0xc582c]
V  [jvm.dll+0xc5dac]
V  [jvm.dll+0x2d3854]
V  [jvm.dll+0x55596d]
V  [jvm.dll+0x21da85]
V  [jvm.dll+0x21b0e6]
V  [jvm.dll+0x199890]
V  [jvm.dll+0x22a534]
V  [jvm.dll+0x228b88]
V  [jvm.dll+0x74f660]
V  [jvm.dll+0x748648]
V  [jvm.dll+0x638566]
C  [ucrtbase.dll+0x21ffa]
C  [KERNEL32.DLL+0x17974]
C  [ntdll.dll+0x6a271]


---------------  P R O C E S S  ---------------

Threads class SMR info:
_java_thread_list=0x00000238e9801e00, length=13, elements={
0x00000238ca093800, 0x00000238e8c2e800, 0x00000238e8c33800, 0x00000238e8c46800,
0x00000238e8c48000, 0x00000238e8c49000, 0x00000238e8c65800, 0x00000238e8ccb000,
0x00000238e8415000, 0x00000238e8ed1800, 0x00000238e9010000, 0x00000238e9206800,
0x00000238e964e800
}

Java Threads: ( => current thread )
  0x00000238ca093800 JavaThread "main" [_thread_blocked, id=8848, stack(0x000000b83e800000,0x000000b83e900000)]
  0x00000238e8c2e800 JavaThread "Reference Handler" daemon [_thread_blocked, id=204, stack(0x000000b83ef00000,0x000000b83f000000)]
  0x00000238e8c33800 JavaThread "Finalizer" daemon [_thread_blocked, id=6480, stack(0x000000b83f000000,0x000000b83f100000)]
  0x00000238e8c46800 JavaThread "Signal Dispatcher" daemon [_thread_blocked, id=1896, stack(0x000000b83f100000,0x000000b83f200000)]
  0x00000238e8c48000 JavaThread "Attach Listener" daemon [_thread_blocked, id=10116, stack(0x000000b83f200000,0x000000b83f300000)]
  0x00000238e8c49000 JavaThread "C2 CompilerThread0" daemon [_thread_in_native, id=9652, stack(0x000000b83f300000,0x000000b83f400000)]
  0x00000238e8c65800 JavaThread "C1 CompilerThread0" daemon [_thread_blocked, id=9052, stack(0x000000b83f400000,0x000000b83f500000)]
  0x00000238e8ccb000 JavaThread "Sweeper thread" daemon [_thread_blocked, id=120, stack(0x000000b83f500000,0x000000b83f600000)]
  0x00000238e8415000 JavaThread "Common-Cleaner" daemon [_thread_blocked, id=9648, stack(0x000000b83f600000,0x000000b83f700000)]
  0x00000238e8ed1800 JavaThread "Monitor Ctrl-Break" daemon [_thread_in_native, id=9712, stack(0x000000b83f700000,0x000000b83f800000)]
  0x00000238e9010000 JavaThread "Service Thread" daemon [_thread_blocked, id=6936, stack(0x000000b83f800000,0x000000b83f900000)]
=>0x00000238e9206800 JavaThread "C2 CompilerThread1" daemon [_thread_in_native, id=6352, stack(0x000000b83fa00000,0x000000b83fb00000)]
  0x00000238e964e800 JavaThread "background-preinit" [_thread_blocked, id=8644, stack(0x000000b83fb00000,0x000000b83fc00000)]

Other Threads:
  0x00000238e8c2d000 VMThread "VM Thread" [stack: 0x000000b83ee00000,0x000000b83ef00000] [id=3948]
  0x00000238e9015800 WatcherThread [stack: 0x000000b83f900000,0x000000b83fa00000] [id=7652]
  0x00000238ca0ce800 GCTaskThread "GC Thread#0" [stack: 0x000000b83e900000,0x000000b83ea00000] [id=10060]
  0x00000238e9714800 GCTaskThread "GC Thread#1" [stack: 0x000000b83fc00000,0x000000b83fd00000] [id=5804]
  0x00000238e9748000 GCTaskThread "GC Thread#2" [stack: 0x000000b83fd00000,0x000000b83fe00000] [id=9992]
  0x00000238e9749000 GCTaskThread "GC Thread#3" [stack: 0x000000b83fe00000,0x000000b83ff00000] [id=1284]
  0x00000238ca0dc000 ConcurrentGCThread "G1 Main Marker" [stack: 0x000000b83ea00000,0x000000b83eb00000] [id=2416]
  0x00000238ca0dd800 ConcurrentGCThread "G1 Conc#0" [stack: 0x000000b83eb00000,0x000000b83ec00000] [id=10236]
  0x00000238e82a1000 ConcurrentGCThread "G1 Refine#0" [stack: 0x000000b83ec00000,0x000000b83ed00000] [id=4772]
  0x00000238e8e21000 ConcurrentGCThread "G1 Refine#1" [stack: 0x000000b83ff00000,0x000000b840000000] [id=4940]
  0x00000238e82a2000 ConcurrentGCThread "G1 Young RemSet Sampling" [stack: 0x000000b83ed00000,0x000000b83ee00000] [id=2120]

Threads with active compile tasks:
C2 CompilerThread0  1954       4       jdk.internal.module.SystemModuleFinders$SystemModuleReader::findImageLocation (42 bytes)
C2 CompilerThread1  1906   !   4       jdk.internal.loader.BuiltinClassLoader::loadClassOrNull (143 bytes)

VM state:at safepoint (normal execution)

VM Mutex/Monitor currently owned by a thread:  ([mutex/lock_event])
[0x00000238ca08f8c0] Threads_lock - owner thread: 0x00000238e8c2d000
[0x00000238ca08f320] Heap_lock - owner thread: 0x00000238e964e800

Heap address: 0x0000000082200000, size: 2014 MB, Compressed Oops mode: 32-bit
Narrow klass base: 0x0000000800000000, Narrow klass shift: 3
Compressed class space size: 1073741824 Address: 0x00000008011a0000

Heap:
 garbage-first heap   total 129024K, used 7760K [0x0000000082200000, 0x0000000100000000)
  region size 1024K, 4 young (4096K), 4 survivors (4096K)
 Metaspace       used 18745K, capacity 19171K, committed 19200K, reserved 1085440K
  class space    used 2366K, capacity 2546K, committed 2560K, reserved 1048576K
Heap Regions: E=young(eden), S=young(survivor), O=old, HS=humongous(starts), HC=humongous(continues), CS=collection set, F=free, A=archive, TAMS=top-at-mark-start (previous, next)
|   0|0x0000000082200000, 0x0000000082300000, 0x0000000082300000|100%| O|  |TAMS 0x0000000082200000, 0x0000000082300000| Untracked 
|   1|0x0000000082300000, 0x0000000082400000, 0x0000000082400000|100%| O|  |TAMS 0x0000000082300000, 0x0000000082400000| Untracked 
|   2|0x0000000082400000, 0x0000000082500000, 0x0000000082500000|100%| O|  |TAMS 0x0000000082400000, 0x0000000082500000| Untracked 
|   3|0x0000000082500000, 0x0000000082600000, 0x0000000082600000|100%| O|  |TAMS 0x0000000082500000, 0x0000000082600000| Untracked 
|   4|0x0000000082600000, 0x0000000082600000, 0x0000000082700000|  0%| F|  |TAMS 0x0000000082600000, 0x0000000082600000| Untracked 
|   5|0x0000000082700000, 0x0000000082700000, 0x0000000082800000|  0%| F|  |TAMS 0x0000000082700000, 0x0000000082700000| Untracked 
|   6|0x0000000082800000, 0x0000000082800000, 0x0000000082900000|  0%| F|  |TAMS 0x0000000082800000, 0x0000000082800000| Untracked 
|   7|0x0000000082900000, 0x0000000082900000, 0x0000000082a00000|  0%| F|  |TAMS 0x0000000082900000, 0x0000000082900000| Untracked 
|   8|0x0000000082a00000, 0x0000000082a00000, 0x0000000082b00000|  0%| F|  |TAMS 0x0000000082a00000, 0x0000000082a00000| Untracked 
|   9|0x0000000082b00000, 0x0000000082b00000, 0x0000000082c00000|  0%| F|  |TAMS 0x0000000082b00000, 0x0000000082b00000| Untracked 
|  10|0x0000000082c00000, 0x0000000082c00000, 0x0000000082d00000|  0%| F|  |TAMS 0x0000000082c00000, 0x0000000082c00000| Untracked 
|  11|0x0000000082d00000, 0x0000000082d00000, 0x0000000082e00000|  0%| F|  |TAMS 0x0000000082d00000, 0x0000000082d00000| Untracked 
|  12|0x0000000082e00000, 0x0000000082e00000, 0x0000000082f00000|  0%| F|  |TAMS 0x0000000082e00000, 0x0000000082e00000| Untracked 
|  13|0x0000000082f00000, 0x0000000082f00000, 0x0000000083000000|  0%| F|  |TAMS 0x0000000082f00000, 0x0000000082f00000| Untracked 
|  14|0x0000000083000000, 0x0000000083000000, 0x0000000083100000|  0%| F|  |TAMS 0x0000000083000000, 0x0000000083000000| Untracked 
|  15|0x0000000083100000, 0x0000000083100000, 0x0000000083200000|  0%| F|  |TAMS 0x0000000083100000, 0x0000000083100000| Untracked 
|  16|0x0000000083200000, 0x0000000083200000, 0x0000000083300000|  0%| F|  |TAMS 0x0000000083200000, 0x0000000083200000| Untracked 
|  17|0x0000000083300000, 0x0000000083300000, 0x0000000083400000|  0%| F|  |TAMS 0x0000000083300000, 0x0000000083300000| Untracked 
|  18|0x0000000083400000, 0x0000000083400000, 0x0000000083500000|  0%| F|  |TAMS 0x0000000083400000, 0x0000000083400000| Untracked 
|  19|0x0000000083500000, 0x0000000083500000, 0x0000000083600000|  0%| F|  |TAMS 0x0000000083500000, 0x0000000083500000| Untracked 
|  20|0x0000000083600000, 0x0000000083600000, 0x0000000083700000|  0%| F|  |TAMS 0x0000000083600000, 0x0000000083600000| Untracked 
|  21|0x0000000083700000, 0x0000000083700000, 0x0000000083800000|  0%| F|  |TAMS 0x0000000083700000, 0x0000000083700000| Untracked 
|  22|0x0000000083800000, 0x0000000083800000, 0x0000000083900000|  0%| F|  |TAMS 0x0000000083800000, 0x0000000083800000| Untracked 
|  23|0x0000000083900000, 0x0000000083900000, 0x0000000083a00000|  0%| F|  |TAMS 0x0000000083900000, 0x0000000083900000| Untracked 
|  24|0x0000000083a00000, 0x0000000083a00000, 0x0000000083b00000|  0%| F|  |TAMS 0x0000000083a00000, 0x0000000083a00000| Untracked 
|  25|0x0000000083b00000, 0x0000000083b00000, 0x0000000083c00000|  0%| F|  |TAMS 0x0000000083b00000, 0x0000000083b00000| Untracked 
|  26|0x0000000083c00000, 0x0000000083c00000, 0x0000000083d00000|  0%| F|  |TAMS 0x0000000083c00000, 0x0000000083c00000| Untracked 
|  27|0x0000000083d00000, 0x0000000083d00000, 0x0000000083e00000|  0%| F|  |TAMS 0x0000000083d00000, 0x0000000083d00000| Untracked 
|  28|0x0000000083e00000, 0x0000000083e00000, 0x0000000083f00000|  0%| F|  |TAMS 0x0000000083e00000, 0x0000000083e00000| Untracked 
|  29|0x0000000083f00000, 0x0000000083f00000, 0x0000000084000000|  0%| F|  |TAMS 0x0000000083f00000, 0x0000000083f00000| Untracked 
|  30|0x0000000084000000, 0x0000000084000000, 0x0000000084100000|  0%| F|  |TAMS 0x0000000084000000, 0x0000000084000000| Untracked 
|  31|0x0000000084100000, 0x0000000084100000, 0x0000000084200000|  0%| F|  |TAMS 0x0000000084100000, 0x0000000084100000| Untracked 
|  32|0x0000000084200000, 0x0000000084200000, 0x0000000084300000|  0%| F|  |TAMS 0x0000000084200000, 0x0000000084200000| Untracked 
|  33|0x0000000084300000, 0x0000000084300000, 0x0000000084400000|  0%| F|  |TAMS 0x0000000084300000, 0x0000000084300000| Untracked 
|  34|0x0000000084400000, 0x0000000084400000, 0x0000000084500000|  0%| F|  |TAMS 0x0000000084400000, 0x0000000084400000| Untracked 
|  35|0x0000000084500000, 0x0000000084500000, 0x0000000084600000|  0%| F|  |TAMS 0x0000000084500000, 0x0000000084500000| Untracked 
|  36|0x0000000084600000, 0x0000000084600000, 0x0000000084700000|  0%| F|  |TAMS 0x0000000084600000, 0x0000000084600000| Untracked 
|  37|0x0000000084700000, 0x0000000084700000, 0x0000000084800000|  0%| F|  |TAMS 0x0000000084700000, 0x0000000084700000| Untracked 
|  38|0x0000000084800000, 0x0000000084800000, 0x0000000084900000|  0%| F|  |TAMS 0x0000000084800000, 0x0000000084800000| Untracked 
|  39|0x0000000084900000, 0x0000000084900000, 0x0000000084a00000|  0%| F|  |TAMS 0x0000000084900000, 0x0000000084900000| Untracked 
|  40|0x0000000084a00000, 0x0000000084a00000, 0x0000000084b00000|  0%| F|  |TAMS 0x0000000084a00000, 0x0000000084a00000| Untracked 
|  41|0x0000000084b00000, 0x0000000084b00000, 0x0000000084c00000|  0%| F|  |TAMS 0x0000000084b00000, 0x0000000084b00000| Untracked 
|  42|0x0000000084c00000, 0x0000000084c00000, 0x0000000084d00000|  0%| F|  |TAMS 0x0000000084c00000, 0x0000000084c00000| Untracked 
|  43|0x0000000084d00000, 0x0000000084d00000, 0x0000000084e00000|  0%| F|  |TAMS 0x0000000084d00000, 0x0000000084d00000| Untracked 
|  44|0x0000000084e00000, 0x0000000084e00000, 0x0000000084f00000|  0%| F|  |TAMS 0x0000000084e00000, 0x0000000084e00000| Untracked 
|  45|0x0000000084f00000, 0x0000000084f00000, 0x0000000085000000|  0%| F|  |TAMS 0x0000000084f00000, 0x0000000084f00000| Untracked 
|  46|0x0000000085000000, 0x0000000085000000, 0x0000000085100000|  0%| F|  |TAMS 0x0000000085000000, 0x0000000085000000| Untracked 
|  47|0x0000000085100000, 0x0000000085100000, 0x0000000085200000|  0%| F|  |TAMS 0x0000000085100000, 0x0000000085100000| Untracked 
|  48|0x0000000085200000, 0x0000000085200000, 0x0000000085300000|  0%| F|  |TAMS 0x0000000085200000, 0x0000000085200000| Untracked 
|  49|0x0000000085300000, 0x0000000085300000, 0x0000000085400000|  0%| F|  |TAMS 0x0000000085300000, 0x0000000085300000| Untracked 
|  50|0x0000000085400000, 0x0000000085400000, 0x0000000085500000|  0%| F|  |TAMS 0x0000000085400000, 0x0000000085400000| Untracked 
|  51|0x0000000085500000, 0x0000000085500000, 0x0000000085600000|  0%| F|  |TAMS 0x0000000085500000, 0x0000000085500000| Untracked 
|  52|0x0000000085600000, 0x0000000085600000, 0x0000000085700000|  0%| F|  |TAMS 0x0000000085600000, 0x0000000085600000| Untracked 
|  53|0x0000000085700000, 0x0000000085700000, 0x0000000085800000|  0%| F|  |TAMS 0x0000000085700000, 0x0000000085700000| Untracked 
|  54|0x0000000085800000, 0x0000000085800000, 0x0000000085900000|  0%| F|  |TAMS 0x0000000085800000, 0x0000000085800000| Untracked 
|  55|0x0000000085900000, 0x0000000085900000, 0x0000000085a00000|  0%| F|  |TAMS 0x0000000085900000, 0x0000000085900000| Untracked 
|  56|0x0000000085a00000, 0x0000000085a00000, 0x0000000085b00000|  0%| F|  |TAMS 0x0000000085a00000, 0x0000000085a00000| Untracked 
|  57|0x0000000085b00000, 0x0000000085b00000, 0x0000000085c00000|  0%| F|  |TAMS 0x0000000085b00000, 0x0000000085b00000| Untracked 
|  58|0x0000000085c00000, 0x0000000085c00000, 0x0000000085d00000|  0%| F|  |TAMS 0x0000000085c00000, 0x0000000085c00000| Untracked 
|  59|0x0000000085d00000, 0x0000000085d00000, 0x0000000085e00000|  0%| F|  |TAMS 0x0000000085d00000, 0x0000000085d00000| Untracked 
|  60|0x0000000085e00000, 0x0000000085e00000, 0x0000000085f00000|  0%| F|  |TAMS 0x0000000085e00000, 0x0000000085e00000| Untracked 
|  61|0x0000000085f00000, 0x0000000085f00000, 0x0000000086000000|  0%| F|  |TAMS 0x0000000085f00000, 0x0000000085f00000| Untracked 
|  62|0x0000000086000000, 0x0000000086000000, 0x0000000086100000|  0%| F|  |TAMS 0x0000000086000000, 0x0000000086000000| Untracked 
|  63|0x0000000086100000, 0x0000000086100000, 0x0000000086200000|  0%| F|  |TAMS 0x0000000086100000, 0x0000000086100000| Untracked 
|  64|0x0000000086200000, 0x0000000086200000, 0x0000000086300000|  0%| F|  |TAMS 0x0000000086200000, 0x0000000086200000| Untracked 
|  65|0x0000000086300000, 0x0000000086300000, 0x0000000086400000|  0%| F|  |TAMS 0x0000000086300000, 0x0000000086300000| Untracked 
|  66|0x0000000086400000, 0x0000000086400000, 0x0000000086500000|  0%| F|  |TAMS 0x0000000086400000, 0x0000000086400000| Untracked 
|  67|0x0000000086500000, 0x0000000086500000, 0x0000000086600000|  0%| F|  |TAMS 0x0000000086500000, 0x0000000086500000| Untracked 
|  68|0x0000000086600000, 0x0000000086600000, 0x0000000086700000|  0%| F|  |TAMS 0x0000000086600000, 0x0000000086600000| Untracked 
|  69|0x0000000086700000, 0x0000000086700000, 0x0000000086800000|  0%| F|  |TAMS 0x0000000086700000, 0x0000000086700000| Untracked 
|  70|0x0000000086800000, 0x0000000086800000, 0x0000000086900000|  0%| F|  |TAMS 0x0000000086800000, 0x0000000086800000| Untracked 
|  71|0x0000000086900000, 0x0000000086900000, 0x0000000086a00000|  0%| F|  |TAMS 0x0000000086900000, 0x0000000086900000| Untracked 
|  72|0x0000000086a00000, 0x0000000086a00000, 0x0000000086b00000|  0%| F|  |TAMS 0x0000000086a00000, 0x0000000086a00000| Untracked 
|  73|0x0000000086b00000, 0x0000000086b00000, 0x0000000086c00000|  0%| F|  |TAMS 0x0000000086b00000, 0x0000000086b00000| Untracked 
|  74|0x0000000086c00000, 0x0000000086c00000, 0x0000000086d00000|  0%| F|  |TAMS 0x0000000086c00000, 0x0000000086c00000| Untracked 
|  75|0x0000000086d00000, 0x0000000086d00000, 0x0000000086e00000|  0%| F|  |TAMS 0x0000000086d00000, 0x0000000086d00000| Untracked 
|  76|0x0000000086e00000, 0x0000000086e00000, 0x0000000086f00000|  0%| F|  |TAMS 0x0000000086e00000, 0x0000000086e00000| Untracked 
|  77|0x0000000086f00000, 0x0000000086f941f0, 0x0000000087000000| 57%| S|CS|TAMS 0x0000000086f00000, 0x0000000086f00000| Complete 
|  78|0x0000000087000000, 0x0000000087100000, 0x0000000087100000|100%| S|CS|TAMS 0x0000000087000000, 0x0000000087000000| Complete 
|  79|0x0000000087100000, 0x0000000087200000, 0x0000000087200000|100%| S|CS|TAMS 0x0000000087100000, 0x0000000087100000| Complete 
|  80|0x0000000087200000, 0x0000000087300000, 0x0000000087300000|100%| S|CS|TAMS 0x0000000087200000, 0x0000000087200000| Complete 
|  81|0x0000000087300000, 0x0000000087300000, 0x0000000087400000|  0%| F|  |TAMS 0x0000000087300000, 0x0000000087300000| Untracked 
|  82|0x0000000087400000, 0x0000000087400000, 0x0000000087500000|  0%| F|  |TAMS 0x0000000087400000, 0x0000000087400000| Untracked 
|  83|0x0000000087500000, 0x0000000087500000, 0x0000000087600000|  0%| F|  |TAMS 0x0000000087500000, 0x0000000087500000| Untracked 
|  84|0x0000000087600000, 0x0000000087600000, 0x0000000087700000|  0%| F|  |TAMS 0x0000000087600000, 0x0000000087600000| Untracked 
|  85|0x0000000087700000, 0x0000000087700000, 0x0000000087800000|  0%| F|  |TAMS 0x0000000087700000, 0x0000000087700000| Untracked 
|  86|0x0000000087800000, 0x0000000087800000, 0x0000000087900000|  0%| F|  |TAMS 0x0000000087800000, 0x0000000087800000| Untracked 
|  87|0x0000000087900000, 0x0000000087900000, 0x0000000087a00000|  0%| F|  |TAMS 0x0000000087900000, 0x0000000087900000| Untracked 
|  88|0x0000000087a00000, 0x0000000087a00000, 0x0000000087b00000|  0%| F|  |TAMS 0x0000000087a00000, 0x0000000087a00000| Untracked 
|  89|0x0000000087b00000, 0x0000000087b00000, 0x0000000087c00000|  0%| F|  |TAMS 0x0000000087b00000, 0x0000000087b00000| Untracked 
|  90|0x0000000087c00000, 0x0000000087c00000, 0x0000000087d00000|  0%| F|  |TAMS 0x0000000087c00000, 0x0000000087c00000| Untracked 
|  91|0x0000000087d00000, 0x0000000087d00000, 0x0000000087e00000|  0%| F|  |TAMS 0x0000000087d00000, 0x0000000087d00000| Untracked 
|  92|0x0000000087e00000, 0x0000000087e00000, 0x0000000087f00000|  0%| F|  |TAMS 0x0000000087e00000, 0x0000000087e00000| Untracked 
|  93|0x0000000087f00000, 0x0000000087f00000, 0x0000000088000000|  0%| F|  |TAMS 0x0000000087f00000, 0x0000000087f00000| Untracked 
|  94|0x0000000088000000, 0x0000000088000000, 0x0000000088100000|  0%| F|  |TAMS 0x0000000088000000, 0x0000000088000000| Untracked 
|  95|0x0000000088100000, 0x0000000088100000, 0x0000000088200000|  0%| F|  |TAMS 0x0000000088100000, 0x0000000088100000| Untracked 
|  96|0x0000000088200000, 0x0000000088200000, 0x0000000088300000|  0%| F|  |TAMS 0x0000000088200000, 0x0000000088200000| Untracked 
|  97|0x0000000088300000, 0x0000000088300000, 0x0000000088400000|  0%| F|  |TAMS 0x0000000088300000, 0x0000000088300000| Untracked 
|  98|0x0000000088400000, 0x0000000088400000, 0x0000000088500000|  0%| F|  |TAMS 0x0000000088400000, 0x0000000088400000| Untracked 
|  99|0x0000000088500000, 0x0000000088500000, 0x0000000088600000|  0%| F|  |TAMS 0x0000000088500000, 0x0000000088500000| Untracked 
| 100|0x0000000088600000, 0x0000000088600000, 0x0000000088700000|  0%| F|  |TAMS 0x0000000088600000, 0x0000000088600000| Untracked 
| 101|0x0000000088700000, 0x0000000088700000, 0x0000000088800000|  0%| F|  |TAMS 0x0000000088700000, 0x0000000088700000| Untracked 
| 102|0x0000000088800000, 0x0000000088800000, 0x0000000088900000|  0%| F|  |TAMS 0x0000000088800000, 0x0000000088800000| Untracked 
| 103|0x0000000088900000, 0x0000000088900000, 0x0000000088a00000|  0%| F|  |TAMS 0x0000000088900000, 0x0000000088900000| Untracked 
| 104|0x0000000088a00000, 0x0000000088a00000, 0x0000000088b00000|  0%| F|  |TAMS 0x0000000088a00000, 0x0000000088a00000| Untracked 
| 105|0x0000000088b00000, 0x0000000088b00000, 0x0000000088c00000|  0%| F|  |TAMS 0x0000000088b00000, 0x0000000088b00000| Untracked 
| 106|0x0000000088c00000, 0x0000000088c00000, 0x0000000088d00000|  0%| F|  |TAMS 0x0000000088c00000, 0x0000000088c00000| Untracked 
| 107|0x0000000088d00000, 0x0000000088d00000, 0x0000000088e00000|  0%| F|  |TAMS 0x0000000088d00000, 0x0000000088d00000| Untracked 
| 108|0x0000000088e00000, 0x0000000088e00000, 0x0000000088f00000|  0%| F|  |TAMS 0x0000000088e00000, 0x0000000088e00000| Untracked 
| 109|0x0000000088f00000, 0x0000000088f00000, 0x0000000089000000|  0%| F|  |TAMS 0x0000000088f00000, 0x0000000088f00000| Untracked 
| 110|0x0000000089000000, 0x0000000089000000, 0x0000000089100000|  0%| F|  |TAMS 0x0000000089000000, 0x0000000089000000| Untracked 
| 111|0x0000000089100000, 0x0000000089100000, 0x0000000089200000|  0%| F|  |TAMS 0x0000000089100000, 0x0000000089100000| Untracked 
| 112|0x0000000089200000, 0x0000000089200000, 0x0000000089300000|  0%| F|  |TAMS 0x0000000089200000, 0x0000000089200000| Untracked 
| 113|0x0000000089300000, 0x0000000089300000, 0x0000000089400000|  0%| F|  |TAMS 0x0000000089300000, 0x0000000089300000| Untracked 
| 114|0x0000000089400000, 0x0000000089400000, 0x0000000089500000|  0%| F|  |TAMS 0x0000000089400000, 0x0000000089400000| Untracked 
| 115|0x0000000089500000, 0x0000000089500000, 0x0000000089600000|  0%| F|  |TAMS 0x0000000089500000, 0x0000000089500000| Untracked 
| 116|0x0000000089600000, 0x0000000089600000, 0x0000000089700000|  0%| F|  |TAMS 0x0000000089600000, 0x0000000089600000| Untracked 
| 117|0x0000000089700000, 0x0000000089700000, 0x0000000089800000|  0%| F|  |TAMS 0x0000000089700000, 0x0000000089700000| Untracked 
| 118|0x0000000089800000, 0x0000000089800000, 0x0000000089900000|  0%| F|  |TAMS 0x0000000089800000, 0x0000000089800000| Untracked 
| 119|0x0000000089900000, 0x0000000089900000, 0x0000000089a00000|  0%| F|  |TAMS 0x0000000089900000, 0x0000000089900000| Untracked 
| 120|0x0000000089a00000, 0x0000000089a00000, 0x0000000089b00000|  0%| F|  |TAMS 0x0000000089a00000, 0x0000000089a00000| Untracked 
| 121|0x0000000089b00000, 0x0000000089b00000, 0x0000000089c00000|  0%| F|  |TAMS 0x0000000089b00000, 0x0000000089b00000| Untracked 
| 122|0x0000000089c00000, 0x0000000089c00000, 0x0000000089d00000|  0%| F|  |TAMS 0x0000000089c00000, 0x0000000089c00000| Untracked 
| 123|0x0000000089d00000, 0x0000000089d00000, 0x0000000089e00000|  0%| F|  |TAMS 0x0000000089d00000, 0x0000000089d00000| Untracked 
| 124|0x0000000089e00000, 0x0000000089e00000, 0x0000000089f00000|  0%| F|  |TAMS 0x0000000089e00000, 0x0000000089e00000| Untracked 
| 125|0x0000000089f00000, 0x0000000089f00000, 0x000000008a000000|  0%| F|  |TAMS 0x0000000089f00000, 0x0000000089f00000| Untracked 

Card table byte_map: [0x00000238e1810000,0x00000238e1c00000] _byte_map_base: 0x00000238e13ff000

Marking Bits (Prev, Next): (CMBitMap*) 0x00000238ca0cf5f8, (CMBitMap*) 0x00000238ca0cf638
 Prev Bits: [0x00000238e1ff0000, 0x00000238e3f68000)
 Next Bits: [0x00000238e3f70000, 0x00000238e5ee8000)

Polling page: 0x00000238c8020000

Metaspace:

Usage:
  Non-class:     16.24 MB capacity,    15.99 MB ( 99%) used,   199.05 KB (  1%) free+waste,    47.38 KB ( <1%) overhead. 
      Class:      2.49 MB capacity,     2.31 MB ( 93%) used,   155.09 KB (  6%) free+waste,    24.00 KB ( <1%) overhead. 
       Both:     18.72 MB capacity,    18.31 MB ( 98%) used,   354.15 KB (  2%) free+waste,    71.38 KB ( <1%) overhead. 

Virtual space:
  Non-class space:       36.00 MB reserved,      16.25 MB ( 45%) committed 
      Class space:        1.00 GB reserved,       2.50 MB ( <1%) committed 
             Both:        1.04 GB reserved,      18.75 MB (  2%) committed 

Chunk freelists:
   Non-Class:  1.88 KB
       Class:  1.75 KB
        Both:  3.63 KB

CodeHeap 'non-profiled nmethods': size=120064Kb used=747Kb max_used=747Kb free=119316Kb
 bounds [0x00000238d9ee0000, 0x00000238da150000, 0x00000238e1420000]
CodeHeap 'profiled nmethods': size=120000Kb used=4001Kb max_used=4001Kb free=115998Kb
 bounds [0x00000238d29b0000, 0x00000238d2da0000, 0x00000238d9ee0000]
CodeHeap 'non-nmethods': size=5696Kb used=1162Kb max_used=1182Kb free=4533Kb
 bounds [0x00000238d2420000, 0x00000238d2690000, 0x00000238d29b0000]
 total_blobs=2936 nmethods=1892 adapters=395
 compilation: enabled
              stopped_count=0, restarted_count=0
 full_count=0

Compilation events (10 events):
Event: 3.913 Thread 0x00000238e8c65800 nmethod 1959 0x00000238d2d7fb10 code [0x00000238d2d7fd00, 0x00000238d2d80020]
Event: 3.913 Thread 0x00000238e8c65800 1964       3       java.util.LinkedHashMap$LinkedValues::iterator (12 bytes)
Event: 3.913 Thread 0x00000238e8c65800 nmethod 1964 0x00000238d2d80190 code [0x00000238d2d80380, 0x00000238d2d807b8]
Event: 3.913 Thread 0x00000238e8c65800 1963       1       org.springframework.context.annotation.ConfigurationClass::getMetadata (5 bytes)
Event: 3.913 Thread 0x00000238e8c65800 nmethod 1963 0x00000238d9f9a510 code [0x00000238d9f9a6c0, 0x00000238d9f9a7f8]
Event: 3.915 Thread 0x00000238e8c65800 1966       3       org.springframework.core.type.classreading.AbstractRecursiveAnnotationVisitor::<init> (28 bytes)
Event: 3.915 Thread 0x00000238e8c65800 nmethod 1966 0x00000238d2d80910 code [0x00000238d2d80b20, 0x00000238d2d810d0]
Event: 3.915 Thread 0x00000238e8c65800 1967       3       org.springframework.asm.AnnotationVisitor::<init> (7 bytes)
Event: 3.916 Thread 0x00000238e8c65800 nmethod 1967 0x00000238d2d81290 code [0x00000238d2d81460, 0x00000238d2d81610]
Event: 3.916 Thread 0x00000238e8c65800 1968   !   3       org.springframework.core.annotation.AnnotationUtils::findAnnotation (171 bytes)

GC Heap History (6 events):
Event: 1.515 GC heap before
{Heap before GC invocations=0 (full 0):
 garbage-first heap   total 129024K, used 13312K [0x0000000082200000, 0x0000000100000000)
  region size 1024K, 14 young (14336K), 0 survivors (0K)
 Metaspace       used 3969K, capacity 6273K, committed 6400K, reserved 1056768K
  class space    used 421K, capacity 645K, committed 768K, reserved 1048576K
}
Event: 1.525 GC heap after
{Heap after GC invocations=1 (full 0):
 garbage-first heap   total 129024K, used 3961K [0x0000000082200000, 0x0000000100000000)
  region size 1024K, 2 young (2048K), 2 survivors (2048K)
 Metaspace       used 3969K, capacity 6273K, committed 6400K, reserved 1056768K
  class space    used 421K, capacity 645K, committed 768K, reserved 1048576K
}
Event: 1.715 GC heap before
{Heap before GC invocations=1 (full 0):
 garbage-first heap   total 129024K, used 8057K [0x0000000082200000, 0x0000000100000000)
  region size 1024K, 6 young (6144K), 2 survivors (2048K)
 Metaspace       used 4782K, capacity 6722K, committed 6912K, reserved 1056768K
  class space    used 534K, capacity 732K, committed 768K, reserved 1048576K
}
Event: 1.720 GC heap after
{Heap after GC invocations=2 (full 0):
 garbage-first heap   total 129024K, used 4500K [0x0000000082200000, 0x0000000100000000)
  region size 1024K, 1 young (1024K), 1 survivors (1024K)
 Metaspace       used 4782K, capacity 6722K, committed 6912K, reserved 1056768K
  class space    used 534K, capacity 732K, committed 768K, reserved 1048576K
}
Event: 2.505 GC heap before
{Heap before GC invocations=2 (full 0):
 garbage-first heap   total 129024K, used 26004K [0x0000000082200000, 0x0000000100000000)
  region size 1024K, 23 young (23552K), 1 survivors (1024K)
 Metaspace       used 9582K, capacity 10400K, committed 10624K, reserved 1058816K
  class space    used 1263K, capacity 1363K, committed 1408K, reserved 1048576K
}
Event: 2.508 GC heap after
{Heap after GC invocations=3 (full 0):
 garbage-first heap   total 129024K, used 5591K [0x0000000082200000, 0x0000000100000000)
  region size 1024K, 2 young (2048K), 2 survivors (2048K)
 Metaspace       used 9582K, capacity 10400K, committed 10624K, reserved 1058816K
  class space    used 1263K, capacity 1363K, committed 1408K, reserved 1048576K
}

Deoptimization events (10 events):
Event: 2.566 Thread 0x00000238ca093800 Uncommon trap: reason=unstable_if action=reinterpret pc=0x00000238d9f33eb8 method=java.util.concurrent.ConcurrentHashMap.addCount(JI)V @ 7 c2
Event: 2.566 Thread 0x00000238e964e800 Uncommon trap: reason=unstable_if action=reinterpret pc=0x00000238d9f33eb8 method=java.util.concurrent.ConcurrentHashMap.addCount(JI)V @ 7 c2
Event: 2.732 Thread 0x00000238e964e800 Uncommon trap: reason=unstable_if action=reinterpret pc=0x00000238d9f274a8 method=java.util.concurrent.ConcurrentHashMap.get(Ljava/lang/Object;)Ljava/lang/Object; @ 76 c2
Event: 2.795 Thread 0x00000238e964e800 Uncommon trap: reason=unstable_if action=reinterpret pc=0x00000238d9f32a58 method=java.util.jar.Manifest$FastInputStream.readLine([BII)I @ 90 c2
Event: 3.249 Thread 0x00000238ca093800 Uncommon trap: reason=unstable_if action=reinterpret pc=0x00000238d9f0526c method=java.util.zip.ZipFile$Source.getEntryPos([BZ)I @ 156 c2
Event: 3.453 Thread 0x00000238ca093800 Uncommon trap: reason=unstable_if action=reinterpret pc=0x00000238d9f45ad0 method=java.lang.String.<init>([CIILjava/lang/Void;)V @ 5 c2
Event: 3.601 Thread 0x00000238ca093800 Uncommon trap: reason=unstable_if action=reinterpret pc=0x00000238d9f7d414 method=java.util.concurrent.ConcurrentHashMap.get(Ljava/lang/Object;)Ljava/lang/Object; @ 86 c2
Event: 3.707 Thread 0x00000238e964e800 Uncommon trap: reason=unstable_if action=reinterpret pc=0x00000238d9f482d4 method=java.nio.Buffer.position(I)Ljava/nio/Buffer; @ 45 c2
Event: 3.736 Thread 0x00000238e964e800 Uncommon trap: reason=unstable_if action=reinterpret pc=0x00000238d9f335d0 method=java.nio.Buffer.position(I)Ljava/nio/Buffer; @ 45 c2
Event: 3.782 Thread 0x00000238ca093800 Uncommon trap: reason=unstable_if action=reinterpret pc=0x00000238d9f84a48 method=java.lang.String.<init>([CIILjava/lang/Void;)V @ 5 c2

Classes redefined (0 events):
No events

Internal exceptions (10 events):
Event: 3.153 Thread 0x00000238ca093800 Exception <a 'java/lang/ClassNotFoundException'{0x0000000088ec13d0}: org/springframework/beans/factory/AwareCustomizer> (0x0000000088ec13d0) thrown at [t:/workspace/open/src/hotspot/share/classfile/systemDictionary.cpp, line 235]
Event: 3.154 Thread 0x00000238ca093800 Exception <a 'java/lang/ClassNotFoundException'{0x0000000088ec8e80}: org/springframework/context/EnvironmentAwareCustomizer> (0x0000000088ec8e80) thrown at [t:/workspace/open/src/hotspot/share/classfile/systemDictionary.cpp, line 235]
Event: 3.155 Thread 0x00000238ca093800 Exception <a 'java/lang/ClassNotFoundException'{0x0000000088ed1530}: org/springframework/beans/factory/AwareCustomizer> (0x0000000088ed1530) thrown at [t:/workspace/open/src/hotspot/share/classfile/systemDictionary.cpp, line 235]
Event: 3.601 Thread 0x00000238ca093800 Exception <a 'java/lang/IncompatibleClassChangeError'{0x0000000087b5dd08}: Found class java.lang.Object, but interface was expected> (0x0000000087b5dd08) thrown at [t:/workspace/open/src/hotspot/share/interpreter/linkResolver.cpp, line 843]
Event: 3.614 Thread 0x00000238ca093800 Exception <a 'java/lang/NoSuchMethodError'{0x0000000087a0d8b0}: java.lang.invoke.DirectMethodHandle$Holder.invokeStatic(Ljava/lang/Object;Ljava/lang/Object;Ljava/lang/Object;Ljava/lang/Object;Ljava/lang/Object;)V> (0x0000000087a0d8b0) thrown at [t:/worksp
Event: 3.615 Thread 0x00000238e964e800 Exception <a 'java/lang/NoSuchMethodError'{0x0000000087bd1148}: java.lang.invoke.DirectMethodHandle$Holder.invokeStatic(Ljava/lang/Object;Ljava/lang/Object;)J> (0x0000000087bd1148) thrown at [t:/workspace/open/src/hotspot/share/interpreter/linkResolver.cp
Event: 3.616 Thread 0x00000238e964e800 Exception <a 'java/lang/NoSuchMethodError'{0x0000000087bd3f60}: java.lang.invoke.DirectMethodHandle$Holder.invokeStaticInit(Ljava/lang/Object;Ljava/lang/Object;)J> (0x0000000087bd3f60) thrown at [t:/workspace/open/src/hotspot/share/interpreter/linkResolve
Event: 3.630 Thread 0x00000238e964e800 Exception <a 'java/lang/NoSuchMethodError'{0x0000000087bdf990}: java.lang.invoke.DirectMethodHandle$Holder.invokeInterface(Ljava/lang/Object;Ljava/lang/Object;)J> (0x0000000087bdf990) thrown at [t:/workspace/open/src/hotspot/share/interpreter/linkResolver
Event: 3.630 Thread 0x00000238e964e800 Exception <a 'java/lang/IncompatibleClassChangeError'{0x0000000087be24b0}: Found class java.lang.Object, but interface was expected> (0x0000000087be24b0) thrown at [t:/workspace/open/src/hotspot/share/interpreter/linkResolver.cpp, line 843]
Event: 3.654 Thread 0x00000238e964e800 Exception <a 'java/lang/NoSuchMethodError'{0x000000008790b800}: java.lang.invoke.DirectMethodHandle$Holder.invokeVirtual(Ljava/lang/Object;Ljava/lang/Object;Ljava/lang/Object;Ljava/lang/Object;)Ljava/lang/Object;> (0x000000008790b800) thrown at [t:/worksp

Events (10 events):
Event: 3.917 loading class com/sun/org/apache/xerces/internal/util/XMLStringBuffer done
Event: 3.917 loading class com/sun/org/apache/xerces/internal/impl/XMLDocumentFragmentScannerImpl$ElementStack
Event: 3.918 loading class com/sun/org/apache/xerces/internal/impl/XMLDocumentFragmentScannerImpl$ElementStack done
Event: 3.918 loading class com/sun/org/apache/xerces/internal/xni/QName
Event: 3.918 loading class com/sun/org/apache/xerces/internal/xni/QName done
Event: 3.918 loading class com/sun/org/apache/xerces/internal/impl/XMLDocumentFragmentScannerImpl$ElementStack2
Event: 3.918 loading class com/sun/org/apache/xerces/internal/impl/XMLDocumentFragmentScannerImpl$ElementStack2 done
Event: 3.918 loading class com/sun/org/apache/xerces/internal/impl/XMLNSDocumentScannerImpl$NSContentDriver
Event: 3.918 loading class com/sun/org/apache/xerces/internal/impl/XMLDocumentScannerImpl$ContentDriver
Event: 3.918 loading class com/sun/org/apache/xerces/internal/impl/XMLDocumentFragmentScannerImpl$FragmentContentDriver


Dynamic libraries:
0x00007ff784e30000 - 0x00007ff784e3f000 	C:\Program Files\Java\jdk-12.0.1\bin\java.exe
0x00007ffc7f290000 - 0x00007ffc7f47d000 	C:\Windows\SYSTEM32\ntdll.dll
0x00007ffc7f040000 - 0x00007ffc7f0f3000 	C:\Windows\System32\KERNEL32.DLL
0x00007ffc7c1e0000 - 0x00007ffc7c473000 	C:\Windows\System32\KERNELBASE.dll
0x00007ffc7b6f0000 - 0x00007ffc7b7ea000 	C:\Windows\System32\ucrtbase.dll
0x00007ffc77870000 - 0x00007ffc77886000 	C:\Program Files\Java\jdk-12.0.1\bin\VCRUNTIME140.dll
0x00007ffc77890000 - 0x00007ffc778a8000 	C:\Program Files\Java\jdk-12.0.1\bin\jli.dll
0x00007ffc7e540000 - 0x00007ffc7e5e3000 	C:\Windows\System32\ADVAPI32.dll
0x00007ffc7e340000 - 0x00007ffc7e3de000 	C:\Windows\System32\msvcrt.dll
0x00007ffc7de60000 - 0x00007ffc7defe000 	C:\Windows\System32\sechost.dll
0x00007ffc7e070000 - 0x00007ffc7e192000 	C:\Windows\System32\RPCRT4.dll
0x00007ffc7e1a0000 - 0x00007ffc7e337000 	C:\Windows\System32\USER32.dll
0x00007ffc7c480000 - 0x00007ffc7c4a0000 	C:\Windows\System32\win32u.dll
0x00007ffc7ef90000 - 0x00007ffc7efb9000 	C:\Windows\System32\GDI32.dll
0x00007ffc7bf70000 - 0x00007ffc7c109000 	C:\Windows\System32\gdi32full.dll
0x00007ffc7b410000 - 0x00007ffc7b4b0000 	C:\Windows\System32\msvcp_win.dll
0x00007ffc70170000 - 0x00007ffc703e9000 	C:\Windows\WinSxS\amd64_microsoft.windows.common-controls_6595b64144ccf1df_6.0.17763.615_none_05b4414a072024d4\COMCTL32.dll
0x00007ffc7e720000 - 0x00007ffc7ea4c000 	C:\Windows\System32\combase.dll
0x00007ffc7c160000 - 0x00007ffc7c1de000 	C:\Windows\System32\bcryptPrimitives.dll
0x00007ffc7ad10000 - 0x00007ffc7ad1a000 	C:\Windows\SYSTEM32\VERSION.dll
0x00007ffc7de30000 - 0x00007ffc7de5e000 	C:\Windows\System32\IMM32.DLL
0x00007ffc7ad20000 - 0x00007ffc7ad56000 	C:\Windows\system32\DriverStore\FileRepository\nvfm.inf_amd64_76974c92c44bbb6b\nvinitx.dll
0x00007ffc7c940000 - 0x00007ffc7de30000 	C:\Windows\System32\Shell32.dll
0x00007ffc7c110000 - 0x00007ffc7c15a000 	C:\Windows\System32\cfgmgr32.dll
0x00007ffc7e490000 - 0x00007ffc7e538000 	C:\Windows\System32\shcore.dll
0x00007ffc7b7f0000 - 0x00007ffc7bf3a000 	C:\Windows\System32\windows.storage.dll
0x00007ffc7b330000 - 0x00007ffc7b354000 	C:\Windows\System32\profapi.dll
0x00007ffc7b290000 - 0x00007ffc7b2ed000 	C:\Windows\System32\powrprof.dll
0x00007ffc7c670000 - 0x00007ffc7c6c2000 	C:\Windows\System32\shlwapi.dll
0x00007ffc7b310000 - 0x00007ffc7b321000 	C:\Windows\System32\kernel.appcore.dll
0x00007ffc7c4a0000 - 0x00007ffc7c4b7000 	C:\Windows\System32\cryptsp.dll
0x00000000740c0000 - 0x00000000740c6000 	C:\Program Files\NVIDIA Corporation\CoProcManager\_etoured.dll
0x00007ffc71b60000 - 0x00007ffc71ba3000 	C:\Program Files\NVIDIA Corporation\CoProcManager\nvd3d9wrapx.dll
0x00007ffc7eab0000 - 0x00007ffc7ef26000 	C:\Windows\System32\SETUPAPI.dll
0x00007ffc7bf40000 - 0x00007ffc7bf66000 	C:\Windows\System32\bcrypt.dll
0x00007ffc71af0000 - 0x00007ffc71b1d000 	C:\Program Files\NVIDIA Corporation\CoProcManager\nvdxgiwrapx.dll
0x00007ffc68b20000 - 0x00007ffc68bca000 	C:\Program Files\Java\jdk-12.0.1\bin\msvcp140.dll
0x00007ffc47e70000 - 0x00007ffc489e4000 	C:\Program Files\Java\jdk-12.0.1\bin\server\jvm.dll
0x00007ffc7c820000 - 0x00007ffc7c828000 	C:\Windows\System32\PSAPI.DLL
0x00007ffc74e20000 - 0x00007ffc74e29000 	C:\Windows\SYSTEM32\WSOCK32.dll
0x00007ffc78ae0000 - 0x00007ffc78b04000 	C:\Windows\SYSTEM32\WINMM.dll
0x00007ffc7c830000 - 0x00007ffc7c89d000 	C:\Windows\System32\WS2_32.dll
0x00007ffc78ab0000 - 0x00007ffc78add000 	C:\Windows\SYSTEM32\winmmbase.dll
0x00007ffc74ec0000 - 0x00007ffc74ed1000 	C:\Program Files\Java\jdk-12.0.1\bin\verify.dll
0x00007ffc79d00000 - 0x00007ffc79eed000 	C:\Windows\SYSTEM32\DBGHELP.DLL
0x00007ffc6c8b0000 - 0x00007ffc6c8da000 	C:\Windows\SYSTEM32\dbgcore.DLL
0x00007ffc73fd0000 - 0x00007ffc73ff6000 	C:\Program Files\Java\jdk-12.0.1\bin\java.dll
0x00007ffc73230000 - 0x00007ffc7323e000 	C:\Program Files\Java\jdk-12.0.1\bin\instrument.dll
0x00007ffc6f550000 - 0x00007ffc6f567000 	C:\Program Files\Java\jdk-12.0.1\bin\zip.dll
0x00007ffc77930000 - 0x00007ffc7793a000 	C:\Program Files\Java\jdk-12.0.1\bin\jimage.dll
0x00007ffc6f300000 - 0x00007ffc6f319000 	C:\Program Files\Java\jdk-12.0.1\bin\net.dll
0x00007ffc70750000 - 0x00007ffc70842000 	C:\Windows\SYSTEM32\WINHTTP.dll
0x00007ffc6ad90000 - 0x00007ffc6af67000 	C:\Windows\SYSTEM32\urlmon.dll
0x00007ffc6b120000 - 0x00007ffc6b3c8000 	C:\Windows\SYSTEM32\iertutil.dll
0x00007ffc7ac80000 - 0x00007ffc7ac8c000 	C:\Windows\SYSTEM32\CRYPTBASE.DLL
0x00007ffc7aab0000 - 0x00007ffc7ab17000 	C:\Windows\system32\mswsock.dll
0x00007ffc6f2e0000 - 0x00007ffc6f2f3000 	C:\Program Files\Java\jdk-12.0.1\bin\nio.dll
0x00007ffc69b50000 - 0x00007ffc69b6a000 	C:\Program Files\JetBrains\IntelliJ IDEA Community Edition 2019.1.3\bin\breakgen64.dll
0x00007ffc77860000 - 0x00007ffc77869000 	C:\Program Files\Java\jdk-12.0.1\bin\management.dll
0x00007ffc74eb0000 - 0x00007ffc74ebc000 	C:\Program Files\Java\jdk-12.0.1\bin\management_ext.dll
0x00007ffc4b8b0000 - 0x00007ffc4b8c6000 	C:\Windows\system32\napinsp.dll
0x00007ffc4b890000 - 0x00007ffc4b8aa000 	C:\Windows\system32\pnrpnsp.dll
0x00007ffc7a7f0000 - 0x00007ffc7a8b6000 	C:\Windows\SYSTEM32\DNSAPI.dll
0x00007ffc7c6d0000 - 0x00007ffc7c6d8000 	C:\Windows\System32\NSI.dll
0x00007ffc7a7b0000 - 0x00007ffc7a7ed000 	C:\Windows\SYSTEM32\IPHLPAPI.DLL
0x00007ffc4c0f0000 - 0x00007ffc4c0fe000 	C:\Windows\System32\winrnr.dll
0x00007ffc77840000 - 0x00007ffc7785b000 	C:\Windows\system32\NLAapi.dll
0x00007ffc73210000 - 0x00007ffc73225000 	C:\Windows\system32\wshbth.dll
0x00007ffc6f510000 - 0x00007ffc6f51a000 	C:\Windows\System32\rasadhlp.dll
0x00007ffc6fa70000 - 0x00007ffc6fae9000 	C:\Windows\System32\fwpuclnt.dll

dbghelp: loaded successfully - version: 4.0.5 - missing functions: none
symbol engine: initialized successfully - sym options: 0x614 - pdb path: .;C:\Program Files\Java\jdk-12.0.1\bin;C:\Windows\SYSTEM32;C:\Windows\WinSxS\amd64_microsoft.windows.common-controls_6595b64144ccf1df_6.0.17763.615_none_05b4414a072024d4;C:\Windows\system32\DriverStore\FileRepository\nvfm.inf_amd64_76974c92c44bbb6b;C:\Program Files\NVIDIA Corporation\CoProcManager;C:\Program Files\Java\jdk-12.0.1\bin\server;C:\Program Files\JetBrains\IntelliJ IDEA Community Edition 2019.1.3\bin

VM Arguments:
jvm_args: -javaagent:C:\Program Files\JetBrains\IntelliJ IDEA Community Edition 2019.1.3\lib\idea_rt.jar=56577:C:\Program Files\JetBrains\IntelliJ IDEA Community Edition 2019.1.3\bin -Dfile.encoding=UTF-8 
java_command: hillel.doctorRest.DoctorRestApplication
java_class_path (initial): C:\Users\Diana\IdeaProjects\doctorRest\out\production\classes;C:\Users\Diana\IdeaProjects\doctorRest\out\production\resources;C:\Gradle\caches\modules-2\files-2.1\org.springframework.boot\spring-boot-starter-web\2.1.6.RELEASE\8d232c9366b4ef3f5a919e48efb2228528391914\spring-boot-starter-web-2.1.6.RELEASE.jar;C:\Gradle\caches\modules-2\files-2.1\org.springframework.boot\spring-boot-starter-json\2.1.6.RELEASE\ed82ba4ed8a45855f5571c0fbc15537aa942763\spring-boot-starter-json-2.1.6.RELEASE.jar;C:\Gradle\caches\modules-2\files-2.1\org.springframework.boot\spring-boot-starter\2.1.6.RELEASE\22f085f39ded75b0b454ee7731eccae68b20f17e\spring-boot-starter-2.1.6.RELEASE.jar;C:\Gradle\caches\modules-2\files-2.1\org.springframework.boot\spring-boot-starter-tomcat\2.1.6.RELEASE\204079b2a82b794246fe911d29f1d9682efbd951\spring-boot-starter-tomcat-2.1.6.RELEASE.jar;C:\Gradle\caches\modules-2\files-2.1\org.hibernate.validator\hibernate-validator\6.0.17.Final\af73055fc4a103ab347c56e7da5a143d68a0170\hibernate-validator-6.0.17.Final.jar;C:\Gradle\caches\modules-2\files-2.1\org.springframework\spring-webmvc\5.1.8.RELEASE\d2b6359b3b502ce917879990fbee99723bfa78c5\spring-webmvc-5.1.8.RELEASE.jar;C:\Gradle\caches\modules-2\files-2.1\org.springframework\spring-web\5.1.8.RELEASE\6d7134733f05133d82440172c5f6f9fe001db7ed\spring-web-5.1.8.RELEASE.jar;C:\Gradle\caches\modules-2\files-2.1\org.springframework.boot\spring-boot-autoconfigure\2.1.6.RELEASE\875d84cfa6d5655bd11238c229e7acedf344024b\spring-boot-autoconfigure-2.1.6.RELEASE.jar;C:\Gradle\caches\modules-2\files-2.1\org.springframework.boot\spring-boot\2.1.6.RELEASE\b8a75ec9a9c570290523c4308c2255fbea6746c0\spring-boot-2.1.6.RELEASE.jar;C:\Gradle\caches\modules-2\files-2.1\org.springframework.boot\spring-boot-starter-logging\2.1.6.RELEASE\9cb7228f463fce085317e2da8fb824568e697b7c\spring-boot-starter-logging-2.1.6.RELEASE.jar;C:\Gradle\caches\modules-2\files-2.1\javax.annotation\javax.annotation-api\1.3.2\934c04d3cfef185
Launcher Type: SUN_STANDARD

[Global flags]
     intx CICompilerCount                          = 3                                         {product} {ergonomic}
     uint ConcGCThreads                            = 1                                         {product} {ergonomic}
     uint G1ConcRefinementThreads                  = 4                                         {product} {ergonomic}
   size_t G1HeapRegionSize                         = 1048576                                   {product} {ergonomic}
    uintx GCDrainStackTargetSize                   = 64                                        {product} {ergonomic}
   size_t InitialHeapSize                          = 132120576                                 {product} {ergonomic}
   size_t MarkStackSize                            = 4194304                                   {product} {ergonomic}
   size_t MaxHeapSize                              = 2111832064                                {product} {ergonomic}
   size_t MaxNewSize                               = 1266679808                                {product} {ergonomic}
   size_t MinHeapDeltaBytes                        = 1048576                                   {product} {ergonomic}
    uintx NonNMethodCodeHeapSize                   = 5830732                                {pd product} {ergonomic}
    uintx NonProfiledCodeHeapSize                  = 122913754                              {pd product} {ergonomic}
    uintx ProfiledCodeHeapSize                     = 122913754                              {pd product} {ergonomic}
    uintx ReservedCodeCacheSize                    = 251658240                              {pd product} {ergonomic}
     bool SegmentedCodeCache                       = true                                      {product} {ergonomic}
     bool UseCompressedClassPointers               = true                                 {lp64_product} {ergonomic}
     bool UseCompressedOops                        = true                                 {lp64_product} {ergonomic}
     bool UseG1GC                                  = true                                      {product} {ergonomic}
     bool UseLargePagesIndividualAllocation        = false                                  {pd product} {ergonomic}

Logging:
Log output configuration:
 #0: stdout all=warning uptime,level,tags
 #1: stderr all=off uptime,level,tags

Environment Variables:
JAVA_HOME=C:\Program Files\Java\jdk-12.0.1
PATH=C:\Windows\system32;C:\Windows;C:\Windows\System32\Wbem;C:\Windows\System32\WindowsPowerShell\v1.0\;C:\Windows\System32\OpenSSH\;C:\Program Files\Git\cmd;C:\Gradle\gradle-5.5\bin;C:\Users\Diana\AppData\Local\Microsoft\WindowsApps;;C:\Program Files\JetBrains\IntelliJ IDEA Community Edition 2019.1.3\bin;
USERNAME=Diana
OS=Windows_NT
PROCESSOR_IDENTIFIER=Intel64 Family 6 Model 42 Stepping 7, GenuineIntel



---------------  S Y S T E M  ---------------

OS: Windows 10 , 64 bit Build 17763 (10.0.17763.475)

CPU:total 4 (initial active 4) (2 cores per cpu, 2 threads per core) family 6 model 42 stepping 7, cmov, cx8, fxsr, mmx, sse, sse2, sse3, ssse3, sse4.1, sse4.2, popcnt, avx, clmul, ht, tsc, tscinvbit

Memory: 4k page, system-wide physical 8048M (2046M free)
TotalPageFile size 8848M (AvailPageFile size 5M)
current process WorkingSet (physical memory assigned to process): 141M, peak: 141M
current process commit charge ("private bytes"): 243M, peak: 244M

vm_info: Java HotSpot(TM) 64-Bit Server VM (12.0.1+12) for windows-amd64 JRE (12.0.1+12), built on Apr  2 2019 14:02:19 by "mach5one" with MS VC++ 15.5 (VS2017)

END.
